{"/Users/davidmunozviejo/Documents/repositories/BBVA-Technical-Test/src/modules/cities/application/getAll.js": {"path":"/Users/davidmunozviejo/Documents/repositories/BBVA-Technical-Test/src/modules/cities/application/getAll.js","all":false,"statementMap":{"0":{"start":{"line":1,"column":0},"end":{"line":1,"column":48}},"1":{"start":{"line":2,"column":0},"end":{"line":2,"column":25}},"2":{"start":{"line":3,"column":0},"end":{"line":3,"column":39}},"3":{"start":{"line":4,"column":0},"end":{"line":4,"column":3}},"4":{"start":{"line":5,"column":0},"end":{"line":5,"column":1}}},"s":{"0":1,"1":1,"2":1,"3":1,"4":1},"branchMap":{"0":{"type":"branch","line":1,"loc":{"start":{"line":1,"column":7},"end":{"line":5,"column":1}},"locations":[{"start":{"line":1,"column":7},"end":{"line":5,"column":1}}]},"1":{"type":"branch","line":2,"loc":{"start":{"line":2,"column":8},"end":{"line":4,"column":2}},"locations":[{"start":{"line":2,"column":8},"end":{"line":4,"column":2}}]}},"b":{"0":[1],"1":[1]},"fnMap":{"0":{"name":"getAllCities","decl":{"start":{"line":1,"column":7},"end":{"line":5,"column":1}},"loc":{"start":{"line":1,"column":7},"end":{"line":5,"column":1}},"line":1}},"f":{"0":1}}
,"/Users/davidmunozviejo/Documents/repositories/BBVA-Technical-Test/src/modules/cities/domain/City.js": {"path":"/Users/davidmunozviejo/Documents/repositories/BBVA-Technical-Test/src/modules/cities/domain/City.js","all":false,"statementMap":{"0":{"start":{"line":1,"column":0},"end":{"line":1,"column":38}},"1":{"start":{"line":2,"column":0},"end":{"line":2,"column":0}},"2":{"start":{"line":3,"column":0},"end":{"line":3,"column":39}},"3":{"start":{"line":4,"column":0},"end":{"line":4,"column":32}},"4":{"start":{"line":5,"column":0},"end":{"line":5,"column":16}},"5":{"start":{"line":6,"column":0},"end":{"line":6,"column":68}},"6":{"start":{"line":7,"column":0},"end":{"line":7,"column":3}},"7":{"start":{"line":8,"column":0},"end":{"line":8,"column":1}},"8":{"start":{"line":9,"column":0},"end":{"line":9,"column":0}},"9":{"start":{"line":10,"column":0},"end":{"line":10,"column":50}},"10":{"start":{"line":11,"column":0},"end":{"line":11,"column":16}},"11":{"start":{"line":12,"column":0},"end":{"line":12,"column":16}},"12":{"start":{"line":13,"column":0},"end":{"line":13,"column":30}},"13":{"start":{"line":14,"column":0},"end":{"line":14,"column":67}},"14":{"start":{"line":15,"column":0},"end":{"line":15,"column":3}},"15":{"start":{"line":16,"column":0},"end":{"line":16,"column":1}},"16":{"start":{"line":17,"column":0},"end":{"line":17,"column":0}},"17":{"start":{"line":18,"column":0},"end":{"line":18,"column":41}},"18":{"start":{"line":19,"column":0},"end":{"line":19,"column":36}},"19":{"start":{"line":20,"column":0},"end":{"line":20,"column":42}},"20":{"start":{"line":21,"column":0},"end":{"line":21,"column":2}},"21":{"start":{"line":22,"column":0},"end":{"line":22,"column":47}},"22":{"start":{"line":23,"column":0},"end":{"line":23,"column":50}},"23":{"start":{"line":24,"column":0},"end":{"line":24,"column":2}},"24":{"start":{"line":25,"column":0},"end":{"line":25,"column":1}}},"s":{"0":1,"1":1,"2":1,"3":19,"4":19,"5":19,"6":19,"7":19,"8":1,"9":1,"10":0,"11":0,"12":0,"13":0,"14":0,"15":0,"16":1,"17":1,"18":0,"19":0,"20":0,"21":0,"22":0,"23":0,"24":0},"branchMap":{"0":{"type":"branch","line":3,"loc":{"start":{"line":3,"column":7},"end":{"line":8,"column":1}},"locations":[{"start":{"line":3,"column":7},"end":{"line":8,"column":1}}]},"1":{"type":"branch","line":6,"loc":{"start":{"line":6,"column":39},"end":{"line":6,"column":67}},"locations":[{"start":{"line":6,"column":39},"end":{"line":6,"column":67}}]}},"b":{"0":[19],"1":[10]},"fnMap":{"0":{"name":"isCityNameValid","decl":{"start":{"line":3,"column":7},"end":{"line":8,"column":1}},"loc":{"start":{"line":3,"column":7},"end":{"line":8,"column":1}},"line":3},"1":{"name":"areCoordinatesValid","decl":{"start":{"line":10,"column":7},"end":{"line":16,"column":1}},"loc":{"start":{"line":10,"column":7},"end":{"line":16,"column":1}},"line":10},"2":{"name":"ensureCityIsValid","decl":{"start":{"line":18,"column":7},"end":{"line":25,"column":1}},"loc":{"start":{"line":18,"column":7},"end":{"line":25,"column":1}},"line":18}},"f":{"0":19,"1":0,"2":0}}
,"/Users/davidmunozviejo/Documents/repositories/BBVA-Technical-Test/src/sections/CitiesSearch.jsx": {"path":"/Users/davidmunozviejo/Documents/repositories/BBVA-Technical-Test/src/sections/CitiesSearch.jsx","all":false,"statementMap":{"0":{"start":{"line":1,"column":0},"end":{"line":1,"column":33}},"1":{"start":{"line":2,"column":0},"end":{"line":2,"column":52}},"2":{"start":{"line":3,"column":0},"end":{"line":3,"column":63}},"3":{"start":{"line":4,"column":0},"end":{"line":4,"column":0}},"4":{"start":{"line":5,"column":0},"end":{"line":5,"column":39}},"5":{"start":{"line":6,"column":0},"end":{"line":6,"column":40}},"6":{"start":{"line":7,"column":0},"end":{"line":7,"column":79}},"7":{"start":{"line":8,"column":0},"end":{"line":8,"column":0}},"8":{"start":{"line":9,"column":0},"end":{"line":9,"column":40}},"9":{"start":{"line":10,"column":0},"end":{"line":10,"column":19}},"10":{"start":{"line":11,"column":0},"end":{"line":11,"column":3}},"11":{"start":{"line":12,"column":0},"end":{"line":12,"column":0}},"12":{"start":{"line":13,"column":0},"end":{"line":13,"column":28}},"13":{"start":{"line":14,"column":0},"end":{"line":14,"column":64}},"14":{"start":{"line":15,"column":0},"end":{"line":15,"column":3}},"15":{"start":{"line":16,"column":0},"end":{"line":16,"column":0}},"16":{"start":{"line":17,"column":0},"end":{"line":17,"column":32}},"17":{"start":{"line":18,"column":0},"end":{"line":18,"column":29}},"18":{"start":{"line":19,"column":0},"end":{"line":19,"column":7}},"19":{"start":{"line":20,"column":0},"end":{"line":20,"column":25}},"20":{"start":{"line":21,"column":0},"end":{"line":21,"column":67}},"21":{"start":{"line":22,"column":0},"end":{"line":22,"column":32}},"22":{"start":{"line":23,"column":0},"end":{"line":23,"column":10}},"23":{"start":{"line":24,"column":0},"end":{"line":24,"column":7}},"24":{"start":{"line":25,"column":0},"end":{"line":25,"column":8}},"25":{"start":{"line":26,"column":0},"end":{"line":26,"column":7}},"26":{"start":{"line":27,"column":0},"end":{"line":27,"column":26}},"27":{"start":{"line":28,"column":0},"end":{"line":28,"column":4}},"28":{"start":{"line":29,"column":0},"end":{"line":29,"column":0}},"29":{"start":{"line":30,"column":0},"end":{"line":30,"column":9}},"30":{"start":{"line":31,"column":0},"end":{"line":31,"column":7}},"31":{"start":{"line":32,"column":0},"end":{"line":32,"column":46}},"32":{"start":{"line":33,"column":0},"end":{"line":33,"column":9}},"33":{"start":{"line":34,"column":0},"end":{"line":34,"column":17}},"34":{"start":{"line":35,"column":0},"end":{"line":35,"column":15}},"35":{"start":{"line":36,"column":0},"end":{"line":36,"column":15}},"36":{"start":{"line":37,"column":0},"end":{"line":37,"column":44}},"37":{"start":{"line":38,"column":0},"end":{"line":38,"column":17}},"38":{"start":{"line":39,"column":0},"end":{"line":39,"column":5}},"39":{"start":{"line":40,"column":0},"end":{"line":40,"column":18}},"40":{"start":{"line":41,"column":0},"end":{"line":41,"column":52}},"41":{"start":{"line":42,"column":0},"end":{"line":42,"column":8}},"42":{"start":{"line":43,"column":0},"end":{"line":43,"column":3}},"43":{"start":{"line":44,"column":0},"end":{"line":44,"column":1}},"44":{"start":{"line":45,"column":0},"end":{"line":45,"column":0}},"45":{"start":{"line":46,"column":0},"end":{"line":46,"column":28}}},"s":{"0":1,"1":1,"2":1,"3":1,"4":10,"5":10,"6":10,"7":10,"8":10,"9":0,"10":0,"11":10,"12":10,"13":10,"14":10,"15":10,"16":10,"17":2,"18":1,"19":1,"20":10,"21":10,"22":10,"23":1,"24":1,"25":1,"26":1,"27":10,"28":10,"29":10,"30":10,"31":10,"32":10,"33":10,"34":10,"35":10,"36":10,"37":10,"38":10,"39":10,"40":10,"41":10,"42":10,"43":10,"44":1,"45":1},"branchMap":{"0":{"type":"branch","line":5,"loc":{"start":{"line":5,"column":0},"end":{"line":44,"column":1}},"locations":[{"start":{"line":5,"column":0},"end":{"line":44,"column":1}}]},"1":{"type":"branch","line":41,"loc":{"start":{"line":41,"column":25},"end":{"line":41,"column":52}},"locations":[{"start":{"line":41,"column":25},"end":{"line":41,"column":52}}]},"2":{"type":"branch","line":13,"loc":{"start":{"line":13,"column":21},"end":{"line":15,"column":3}},"locations":[{"start":{"line":13,"column":21},"end":{"line":15,"column":3}}]},"3":{"type":"branch","line":14,"loc":{"start":{"line":14,"column":9},"end":{"line":14,"column":45}},"locations":[{"start":{"line":14,"column":9},"end":{"line":14,"column":45}}]},"4":{"type":"branch","line":14,"loc":{"start":{"line":14,"column":40},"end":{"line":14,"column":64}},"locations":[{"start":{"line":14,"column":40},"end":{"line":14,"column":64}}]},"5":{"type":"branch","line":17,"loc":{"start":{"line":17,"column":23},"end":{"line":27,"column":26}},"locations":[{"start":{"line":17,"column":23},"end":{"line":27,"column":26}}]},"6":{"type":"branch","line":18,"loc":{"start":{"line":18,"column":24},"end":{"line":25,"column":8}},"locations":[{"start":{"line":18,"column":24},"end":{"line":25,"column":8}}]},"7":{"type":"branch","line":25,"loc":{"start":{"line":25,"column":3},"end":{"line":27,"column":26}},"locations":[{"start":{"line":25,"column":3},"end":{"line":27,"column":26}}]},"8":{"type":"branch","line":20,"loc":{"start":{"line":20,"column":16},"end":{"line":23,"column":10}},"locations":[{"start":{"line":20,"column":16},"end":{"line":23,"column":10}}]},"9":{"type":"branch","line":37,"loc":{"start":{"line":37,"column":14},"end":{"line":37,"column":44}},"locations":[{"start":{"line":37,"column":14},"end":{"line":37,"column":44}}]}},"b":{"0":[10],"1":[2],"2":[10],"3":[4],"4":[2],"5":[2],"6":[1],"7":[1],"8":[10],"9":[2]},"fnMap":{"0":{"name":"CitiesSearch","decl":{"start":{"line":5,"column":0},"end":{"line":44,"column":1}},"loc":{"start":{"line":5,"column":0},"end":{"line":44,"column":1}},"line":5},"1":{"name":"handleSetSelectedCity","decl":{"start":{"line":9,"column":31},"end":{"line":11,"column":3}},"loc":{"start":{"line":9,"column":31},"end":{"line":11,"column":3}},"line":9},"2":{"name":"renderError","decl":{"start":{"line":13,"column":21},"end":{"line":15,"column":3}},"loc":{"start":{"line":13,"column":21},"end":{"line":15,"column":3}},"line":13},"3":{"name":"renderOptions","decl":{"start":{"line":17,"column":23},"end":{"line":27,"column":26}},"loc":{"start":{"line":17,"column":23},"end":{"line":27,"column":26}},"line":17},"4":{"name":"onClick","decl":{"start":{"line":21,"column":18},"end":{"line":21,"column":58}},"loc":{"start":{"line":21,"column":18},"end":{"line":21,"column":58}},"line":21},"5":{"name":"onChange","decl":{"start":{"line":37,"column":14},"end":{"line":37,"column":44}},"loc":{"start":{"line":37,"column":14},"end":{"line":37,"column":44}},"line":37}},"f":{"0":10,"1":0,"2":10,"3":2,"4":0,"5":2}}
,"/Users/davidmunozviejo/Documents/repositories/BBVA-Technical-Test/src/sections/useCityselector.js": {"path":"/Users/davidmunozviejo/Documents/repositories/BBVA-Technical-Test/src/sections/useCityselector.js","all":false,"statementMap":{"0":{"start":{"line":1,"column":0},"end":{"line":1,"column":78}},"1":{"start":{"line":2,"column":0},"end":{"line":2,"column":73}},"2":{"start":{"line":3,"column":0},"end":{"line":3,"column":69}},"3":{"start":{"line":4,"column":0},"end":{"line":4,"column":71}},"4":{"start":{"line":5,"column":0},"end":{"line":5,"column":0}},"5":{"start":{"line":6,"column":0},"end":{"line":6,"column":57}},"6":{"start":{"line":7,"column":0},"end":{"line":7,"column":42}},"7":{"start":{"line":8,"column":0},"end":{"line":8,"column":0}},"8":{"start":{"line":9,"column":0},"end":{"line":9,"column":18}},"9":{"start":{"line":10,"column":0},"end":{"line":10,"column":33}},"10":{"start":{"line":11,"column":0},"end":{"line":11,"column":17}},"11":{"start":{"line":12,"column":0},"end":{"line":12,"column":10}},"12":{"start":{"line":13,"column":0},"end":{"line":13,"column":3}},"13":{"start":{"line":14,"column":0},"end":{"line":14,"column":0}},"14":{"start":{"line":15,"column":0},"end":{"line":15,"column":44}},"15":{"start":{"line":16,"column":0},"end":{"line":16,"column":57}},"16":{"start":{"line":17,"column":0},"end":{"line":17,"column":27}},"17":{"start":{"line":18,"column":0},"end":{"line":18,"column":10}},"18":{"start":{"line":19,"column":0},"end":{"line":19,"column":39}},"19":{"start":{"line":20,"column":0},"end":{"line":20,"column":14}},"20":{"start":{"line":21,"column":0},"end":{"line":21,"column":0}},"21":{"start":{"line":22,"column":0},"end":{"line":22,"column":28}},"22":{"start":{"line":23,"column":0},"end":{"line":23,"column":16}},"23":{"start":{"line":24,"column":0},"end":{"line":24,"column":3}},"24":{"start":{"line":25,"column":0},"end":{"line":25,"column":0}},"25":{"start":{"line":26,"column":0},"end":{"line":26,"column":29}},"26":{"start":{"line":27,"column":0},"end":{"line":27,"column":26}},"27":{"start":{"line":28,"column":0},"end":{"line":28,"column":20}},"28":{"start":{"line":29,"column":0},"end":{"line":29,"column":3}},"29":{"start":{"line":30,"column":0},"end":{"line":30,"column":0}},"30":{"start":{"line":31,"column":0},"end":{"line":31,"column":31}},"31":{"start":{"line":32,"column":0},"end":{"line":32,"column":1}}},"s":{"0":1,"1":1,"2":1,"3":1,"4":1,"5":1,"6":10,"7":10,"8":10,"9":5,"10":4,"11":4,"12":4,"13":1,"14":1,"15":1,"16":1,"17":1,"18":1,"19":10,"20":10,"21":10,"22":4,"23":10,"24":10,"25":10,"26":0,"27":0,"28":10,"29":10,"30":10,"31":10},"branchMap":{"0":{"type":"branch","line":6,"loc":{"start":{"line":6,"column":7},"end":{"line":32,"column":1}},"locations":[{"start":{"line":6,"column":7},"end":{"line":32,"column":1}}]},"1":{"type":"branch","line":9,"loc":{"start":{"line":9,"column":11},"end":{"line":20,"column":2}},"locations":[{"start":{"line":9,"column":11},"end":{"line":20,"column":2}}]},"2":{"type":"branch","line":10,"loc":{"start":{"line":10,"column":32},"end":{"line":13,"column":3}},"locations":[{"start":{"line":10,"column":32},"end":{"line":13,"column":3}}]},"3":{"type":"branch","line":14,"loc":{"start":{"line":14,"column":-1},"end":{"line":20,"column":2}},"locations":[{"start":{"line":14,"column":-1},"end":{"line":20,"column":2}}]},"4":{"type":"branch","line":15,"loc":{"start":{"line":15,"column":31},"end":{"line":18,"column":3}},"locations":[{"start":{"line":15,"column":31},"end":{"line":18,"column":3}}]},"5":{"type":"branch","line":17,"loc":{"start":{"line":17,"column":20},"end":{"line":17,"column":25}},"locations":[{"start":{"line":17,"column":20},"end":{"line":17,"column":25}}]},"6":{"type":"branch","line":19,"loc":{"start":{"line":19,"column":9},"end":{"line":19,"column":38}},"locations":[{"start":{"line":19,"column":9},"end":{"line":19,"column":38}}]},"7":{"type":"branch","line":22,"loc":{"start":{"line":22,"column":21},"end":{"line":24,"column":2}},"locations":[{"start":{"line":22,"column":21},"end":{"line":24,"column":2}}]}},"b":{"0":[10],"1":[5],"2":[4],"3":[1],"4":[1],"5":[0],"6":[1],"7":[4]},"fnMap":{"0":{"name":"useCitySelector","decl":{"start":{"line":6,"column":7},"end":{"line":32,"column":1}},"loc":{"start":{"line":6,"column":7},"end":{"line":32,"column":1}},"line":6},"1":{"name":"resetCities","decl":{"start":{"line":22,"column":21},"end":{"line":24,"column":2}},"loc":{"start":{"line":22,"column":21},"end":{"line":24,"column":2}},"line":22},"2":{"name":"selectCity","decl":{"start":{"line":26,"column":20},"end":{"line":29,"column":2}},"loc":{"start":{"line":26,"column":20},"end":{"line":29,"column":2}},"line":26}},"f":{"0":10,"1":4,"2":0}}
}
